{"/Users/blakethomas/projects/puppetdominion/utils.js": {"path":"/Users/blakethomas/projects/puppetdominion/utils.js","statementMap":{"0":{"start":{"line":1,"column":21},"end":{"line":5,"column":1}},"1":{"start":{"line":2,"column":2},"end":{"line":4,"column":3}},"2":{"start":{"line":3,"column":4},"end":{"line":3,"column":47}},"3":{"start":{"line":7,"column":23},"end":{"line":7,"column":43}},"4":{"start":{"line":7,"column":29},"end":{"line":7,"column":43}},"5":{"start":{"line":9,"column":29},"end":{"line":18,"column":1}},"6":{"start":{"line":10,"column":13},"end":{"line":10,"column":15}},"7":{"start":{"line":11,"column":15},"end":{"line":11,"column":37}},"8":{"start":{"line":12,"column":15},"end":{"line":12,"column":46}},"9":{"start":{"line":12,"column":31},"end":{"line":12,"column":45}},"10":{"start":{"line":13,"column":2},"end":{"line":16,"column":5}},"11":{"start":{"line":14,"column":19},"end":{"line":14,"column":41}},"12":{"start":{"line":15,"column":4},"end":{"line":15,"column":68}},"13":{"start":{"line":17,"column":2},"end":{"line":17,"column":14}},"14":{"start":{"line":20,"column":0},"end":{"line":24,"column":2}}},"fnMap":{"0":{"name":"(anonymous_0)","decl":{"start":{"line":1,"column":21},"end":{"line":1,"column":22}},"loc":{"start":{"line":1,"column":48},"end":{"line":5,"column":1}},"line":1},"1":{"name":"(anonymous_1)","decl":{"start":{"line":7,"column":23},"end":{"line":7,"column":24}},"loc":{"start":{"line":7,"column":29},"end":{"line":7,"column":43}},"line":7},"2":{"name":"(anonymous_2)","decl":{"start":{"line":9,"column":29},"end":{"line":9,"column":30}},"loc":{"start":{"line":9,"column":56},"end":{"line":18,"column":1}},"line":9},"3":{"name":"(anonymous_3)","decl":{"start":{"line":12,"column":24},"end":{"line":12,"column":25}},"loc":{"start":{"line":12,"column":31},"end":{"line":12,"column":45}},"line":12},"4":{"name":"(anonymous_4)","decl":{"start":{"line":13,"column":27},"end":{"line":13,"column":28}},"loc":{"start":{"line":13,"column":54},"end":{"line":16,"column":3}},"line":13}},"branchMap":{},"s":{"0":1,"1":3,"2":4,"3":1,"4":3,"5":1,"6":1,"7":1,"8":1,"9":1,"10":1,"11":1,"12":1,"13":1,"14":1},"f":{"0":3,"1":3,"2":1,"3":1,"4":1},"b":{},"_coverageSchema":"332fd63041d2c1bcb487cc26dd0d5f7d97098a6c","hash":"6e7caa09ad7ba3ff86623d6e5b37e953722d5850"}
}
